This is pdfTeX, Version 3.14159265-2.6-1.40.15 (TeX Live 2014) (preloaded format=pdflatex 2014.5.25)  18 FEB 2015 15:51
entering extended mode
 restricted \write18 enabled.
 %&-line parsing enabled.
**printable
(./printable.tex
LaTeX2e <2014/05/01>
Babel <3.9k> and hyphenation patterns for 78 languages loaded.
(/usr/local/texlive/2014/texmf-dist/tex/latex/base/article.cls
Document Class: article 2007/10/19 v1.4h Standard LaTeX document class
(/usr/local/texlive/2014/texmf-dist/tex/latex/base/size10.clo
File: size10.clo 2007/10/19 v1.4h Standard LaTeX file (size option)
)
\c@part=\count79
\c@section=\count80
\c@subsection=\count81
\c@subsubsection=\count82
\c@paragraph=\count83
\c@subparagraph=\count84
\c@figure=\count85
\c@table=\count86
\abovecaptionskip=\skip41
\belowcaptionskip=\skip42
\bibindent=\dimen102
)
(/usr/local/texlive/2014/texmf-dist/tex/latex/geometry/geometry.sty
Package: geometry 2010/09/12 v5.6 Page Geometry

(/usr/local/texlive/2014/texmf-dist/tex/latex/graphics/keyval.sty
Package: keyval 2014/05/08 v1.15 key=value parser (DPC)
\KV@toks@=\toks14
)
(/usr/local/texlive/2014/texmf-dist/tex/generic/oberdiek/ifpdf.sty
Package: ifpdf 2011/01/30 v2.3 Provides the ifpdf switch (HO)
Package ifpdf Info: pdfTeX in PDF mode is detected.
)
(/usr/local/texlive/2014/texmf-dist/tex/generic/oberdiek/ifvtex.sty
Package: ifvtex 2010/03/01 v1.5 Detect VTeX and its facilities (HO)
Package ifvtex Info: VTeX not detected.
)
(/usr/local/texlive/2014/texmf-dist/tex/generic/ifxetex/ifxetex.sty
Package: ifxetex 2010/09/12 v0.6 Provides ifxetex conditional
)
\Gm@cnth=\count87
\Gm@cntv=\count88
\c@Gm@tempcnt=\count89
\Gm@bindingoffset=\dimen103
\Gm@wd@mp=\dimen104
\Gm@odd@mp=\dimen105
\Gm@even@mp=\dimen106
\Gm@layoutwidth=\dimen107
\Gm@layoutheight=\dimen108
\Gm@layouthoffset=\dimen109
\Gm@layoutvoffset=\dimen110
\Gm@dimlist=\toks15
)
(/usr/local/texlive/2014/texmf-dist/tex/latex/pdfpages/pdfpages.sty
Package: pdfpages 2013/08/25 v0.4v Insert pages of external PDF documents (AM)

(/usr/local/texlive/2014/texmf-dist/tex/latex/base/ifthen.sty
Package: ifthen 2001/05/26 v1.1c Standard LaTeX ifthen package (DPC)
)
(/usr/local/texlive/2014/texmf-dist/tex/latex/tools/calc.sty
Package: calc 2007/08/22 v4.3 Infix arithmetic (KKT,FJ)
\calc@Acount=\count90
\calc@Bcount=\count91
\calc@Adimen=\dimen111
\calc@Bdimen=\dimen112
\calc@Askip=\skip43
\calc@Bskip=\skip44
LaTeX Info: Redefining \setlength on input line 75.
LaTeX Info: Redefining \addtolength on input line 76.
\calc@Ccount=\count92
\calc@Cskip=\skip45
)
(/usr/local/texlive/2014/texmf-dist/tex/latex/eso-pic/eso-pic.sty
Package: eso-pic 2013/10/06 v2.0d eso-pic (RN)

(/usr/local/texlive/2014/texmf-dist/tex/generic/oberdiek/atbegshi.sty
Package: atbegshi 2011/10/05 v1.16 At begin shipout hook (HO)

(/usr/local/texlive/2014/texmf-dist/tex/generic/oberdiek/infwarerr.sty
Package: infwarerr 2010/04/08 v1.3 Providing info/warning/error messages (HO)
)
(/usr/local/texlive/2014/texmf-dist/tex/generic/oberdiek/ltxcmds.sty
Package: ltxcmds 2011/11/09 v1.22 LaTeX kernel commands for general use (HO)
))
(/usr/local/texlive/2014/texmf-dist/tex/latex/xcolor/xcolor.sty
Package: xcolor 2007/01/21 v2.11 LaTeX color extensions (UK)

(/usr/local/texlive/2014/texmf-dist/tex/latex/latexconfig/color.cfg
File: color.cfg 2007/01/18 v1.5 color configuration of teTeX/TeXLive
)
Package xcolor Info: Driver file: pdftex.def on input line 225.

(/usr/local/texlive/2014/texmf-dist/tex/latex/pdftex-def/pdftex.def
File: pdftex.def 2011/05/27 v0.06d Graphics/color for pdfTeX
\Gread@gobject=\count93
)
Package xcolor Info: Model `cmy' substituted by `cmy0' on input line 1337.
Package xcolor Info: Model `hsb' substituted by `rgb' on input line 1341.
Package xcolor Info: Model `RGB' extended on input line 1353.
Package xcolor Info: Model `HTML' substituted by `rgb' on input line 1355.
Package xcolor Info: Model `Hsb' substituted by `hsb' on input line 1356.
Package xcolor Info: Model `tHsb' substituted by `hsb' on input line 1357.
Package xcolor Info: Model `HSB' substituted by `hsb' on input line 1358.
Package xcolor Info: Model `Gray' substituted by `gray' on input line 1359.
Package xcolor Info: Model `wave' substituted by `hsb' on input line 1360.
))
(/usr/local/texlive/2014/texmf-dist/tex/latex/graphics/graphicx.sty
Package: graphicx 2014/04/25 v1.0g Enhanced LaTeX Graphics (DPC,SPQR)

(/usr/local/texlive/2014/texmf-dist/tex/latex/graphics/graphics.sty
Package: graphics 2009/02/05 v1.0o Standard LaTeX Graphics (DPC,SPQR)

(/usr/local/texlive/2014/texmf-dist/tex/latex/graphics/trig.sty
Package: trig 1999/03/16 v1.09 sin cos tan (DPC)
)
(/usr/local/texlive/2014/texmf-dist/tex/latex/latexconfig/graphics.cfg
File: graphics.cfg 2010/04/23 v1.9 graphics configuration of TeX Live
)
Package graphics Info: Driver file: pdftex.def on input line 91.
)
\Gin@req@height=\dimen113
\Gin@req@width=\dimen114
)
(/usr/local/texlive/2014/texmf-dist/tex/latex/pdfpages/pppdftex.def
File: pppdftex.def 2013/08/25 v0.4v Pdfpages driver for pdfTeX (AM)
)
\AM@pagebox=\box26
\AM@toc@title=\toks16
\c@AM@survey=\count94
\AM@templatesizebox=\box27
)
(./printable.aux)
\openout1 = `printable.aux'.

LaTeX Font Info:    Checking defaults for OML/cmm/m/it on input line 7.
LaTeX Font Info:    ... okay on input line 7.
LaTeX Font Info:    Checking defaults for T1/cmr/m/n on input line 7.
LaTeX Font Info:    ... okay on input line 7.
LaTeX Font Info:    Checking defaults for OT1/cmr/m/n on input line 7.
LaTeX Font Info:    ... okay on input line 7.
LaTeX Font Info:    Checking defaults for OMS/cmsy/m/n on input line 7.
LaTeX Font Info:    ... okay on input line 7.
LaTeX Font Info:    Checking defaults for OMX/cmex/m/n on input line 7.
LaTeX Font Info:    ... okay on input line 7.
LaTeX Font Info:    Checking defaults for U/cmr/m/n on input line 7.
LaTeX Font Info:    ... okay on input line 7.

*geometry* driver: auto-detecting
*geometry* detected driver: pdftex
*geometry* verbose mode - [ preamble ] result:
* driver: pdftex
* paper: <default>
* layout: <same size as paper>
* layoutoffset:(h,v)=(0.0pt,0.0pt)
* modes: 
* h-part:(L,W,R)=(14.45377pt, 585.38747pt, 14.45377pt)
* v-part:(T,H,B)=(14.45377pt, 766.06245pt, 14.45377pt)
* \paperwidth=614.295pt
* \paperheight=794.96999pt
* \textwidth=585.38747pt
* \textheight=766.06245pt
* \oddsidemargin=-57.81622pt
* \evensidemargin=-57.81622pt
* \topmargin=-94.81622pt
* \headheight=12.0pt
* \headsep=25.0pt
* \topskip=10.0pt
* \footskip=30.0pt
* \marginparwidth=65.0pt
* \marginparsep=11.0pt
* \columnsep=10.0pt
* \skip\footins=9.0pt plus 4.0pt minus 2.0pt
* \hoffset=0.0pt
* \voffset=0.0pt
* \mag=1000
* \@twocolumnfalse
* \@twosidefalse
* \@mparswitchfalse
* \@reversemarginfalse
* (1in=72.27pt=25.4mm, 1cm=28.453pt)

\AtBeginShipoutBox=\box28
(/usr/local/texlive/2014/texmf-dist/tex/context/base/supp-pdf.mkii
[Loading MPS to PDF converter (version 2006.09.02).]
\scratchcounter=\count95
\scratchdimen=\dimen115
\scratchbox=\box29
\nofMPsegments=\count96
\nofMParguments=\count97
\everyMPshowfont=\toks17
\MPscratchCnt=\count98
\MPscratchDim=\dimen116
\MPnumerator=\count99
\makeMPintoPDFobject=\count100
\everyMPtoPDFconversion=\toks18
) (/usr/local/texlive/2014/texmf-dist/tex/generic/oberdiek/pdftexcmds.sty
Package: pdftexcmds 2011/11/29 v0.20 Utility functions of pdfTeX for LuaTeX (HO
)

(/usr/local/texlive/2014/texmf-dist/tex/generic/oberdiek/ifluatex.sty
Package: ifluatex 2010/03/01 v1.3 Provides the ifluatex switch (HO)
Package ifluatex Info: LuaTeX not detected.
)
Package pdftexcmds Info: LuaTeX not detected.
Package pdftexcmds Info: \pdf@primitive is available.
Package pdftexcmds Info: \pdf@ifprimitive is available.
Package pdftexcmds Info: \pdfdraftmode found.
)
(/usr/local/texlive/2014/texmf-dist/tex/latex/oberdiek/epstopdf-base.sty
Package: epstopdf-base 2010/02/09 v2.5 Base part for package epstopdf

(/usr/local/texlive/2014/texmf-dist/tex/latex/oberdiek/grfext.sty
Package: grfext 2010/08/19 v1.1 Manage graphics extensions (HO)

(/usr/local/texlive/2014/texmf-dist/tex/generic/oberdiek/kvdefinekeys.sty
Package: kvdefinekeys 2011/04/07 v1.3 Define keys (HO)
))
(/usr/local/texlive/2014/texmf-dist/tex/latex/oberdiek/kvoptions.sty
Package: kvoptions 2011/06/30 v3.11 Key value format for package options (HO)

(/usr/local/texlive/2014/texmf-dist/tex/generic/oberdiek/kvsetkeys.sty
Package: kvsetkeys 2012/04/25 v1.16 Key value parser (HO)

(/usr/local/texlive/2014/texmf-dist/tex/generic/oberdiek/etexcmds.sty
Package: etexcmds 2011/02/16 v1.5 Avoid name clashes with e-TeX commands (HO)
Package etexcmds Info: Could not find \expanded.
(etexcmds)             That can mean that you are not using pdfTeX 1.50 or
(etexcmds)             that some package has redefined \expanded.
(etexcmds)             In the latter case, load this package earlier.
)))
Package grfext Info: Graphics extension search list:
(grfext)             [.png,.pdf,.jpg,.mps,.jpeg,.jbig2,.jb2,.PNG,.PDF,.JPG,.JPE
G,.JBIG2,.JB2,.eps]
(grfext)             \AppendGraphicsExtensions on input line 452.

(/usr/local/texlive/2014/texmf-dist/tex/latex/latexconfig/epstopdf-sys.cfg
File: epstopdf-sys.cfg 2010/07/13 v1.3 Configuration of (r)epstopdf for TeX Liv
e
))

Package pdfpages Warning: Option `page' is unknow to \includepdf.
(pdfpages)                Did you mean `pages'? (Note the `s'!)
(pdfpages)                OK, I'll proceed as if it were `pages'.

<handout.pdf, id=1, 614.295pt x 216.81pt>
File: handout.pdf Graphic file (type pdf)
 <use handout.pdf>
Package pdftex.def Info: handout.pdf used on input line 8.
(pdftex.def)             Requested size: 614.29349pt x 216.80946pt.
File: handout.pdf Graphic file (type pdf)
 <use handout.pdf>
Package pdftex.def Info: handout.pdf used on input line 8.
(pdftex.def)             Requested size: 614.29349pt x 216.80946pt.
File: handout.pdf Graphic file (type pdf)

<use handout.pdf>
Package pdftex.def Info: handout.pdf used on input line 8.
(pdftex.def)             Requested size: 614.29349pt x 216.80946pt.
File: handout.pdf Graphic file (type pdf)
 <use handout.pdf>
Package pdftex.def Info: handout.pdf used on input line 8.
(pdftex.def)             Requested size: 614.29349pt x 216.80946pt.
File: handout.pdf Graphic file (type pdf)
 <use handout.pdf>
Package pdftex.def Info: handout.pdf used on input line 8.
(pdftex.def)             Requested size: 614.29349pt x 216.80946pt.
File: handout.pdf Graphic file (type pdf)
 <use handout.pdf>
Package pdftex.def Info: handout.pdf used on input line 8.
(pdftex.def)             Requested size: 614.29349pt x 216.80946pt.

<handout.pdf, id=8, page=1, 614.295pt x 216.81pt>
File: handout.pdf Graphic file (type pdf)
 <use handout.pdf, page 1>
Package pdftex.def Info: handout.pdf, page1 used on input line 8.
(pdftex.def)             Requested size: 614.29349pt x 216.80946pt.
File: handout.pdf Graphic file (type pdf)

<use handout.pdf, page 1>
Package pdftex.def Info: handout.pdf, page1 used on input line 8.
(pdftex.def)             Requested size: 450.49376pt x 158.99779pt.
File: handout.pdf Graphic file (type pdf)
 <use handout.pdf, page 1>
Package pdftex.def Info: handout.pdf, page1 used on input line 8.
(pdftex.def)             Requested size: 450.49376pt x 158.99779pt.
File: handout.pdf Graphic file (type pdf)
 <use handout.pdf, page 1>
Package pdftex.def Info: handout.pdf, page1 used on input line 8.
(pdftex.def)             Requested size: 450.49376pt x 158.99779pt.
File: handout.pdf Graphic file (type pdf)

<use handout.pdf, page 1>
Package pdftex.def Info: handout.pdf, page1 used on input line 8.
(pdftex.def)             Requested size: 450.49376pt x 158.99779pt.
File: handout.pdf Graphic file (type pdf)
 <use handout.pdf, page 1>
Package pdftex.def Info: handout.pdf, page1 used on input line 8.
(pdftex.def)             Requested size: 450.49376pt x 158.99779pt.
File: handout.pdf Graphic file (type pdf)
 <use handout.pdf, page 1>
Package pdftex.def Info: handout.pdf, page1 used on input line 8.
(pdftex.def)             Requested size: 450.49376pt x 158.99779pt.
File: handout.pdf Graphic file (type pdf)

<use handout.pdf, page 1>
Package pdftex.def Info: handout.pdf, page1 used on input line 8.
(pdftex.def)             Requested size: 450.49376pt x 158.99779pt.
File: handout.pdf Graphic file (type pdf)
 <use handout.pdf, page 1>
Package pdftex.def Info: handout.pdf, page1 used on input line 8.
(pdftex.def)             Requested size: 450.49376pt x 158.99779pt.
File: handout.pdf Graphic file (type pdf)
 <use handout.pdf, page 1>
Package pdftex.def Info: handout.pdf, page1 used on input line 8.
(pdftex.def)             Requested size: 450.49376pt x 158.99779pt.
File: handout.pdf Graphic file (type pdf)

<use handout.pdf, page 1>
Package pdftex.def Info: handout.pdf, page1 used on input line 8.
(pdftex.def)             Requested size: 450.49376pt x 158.99779pt.
File: handout.pdf Graphic file (type pdf)
 <use handout.pdf, page 1>
Package pdftex.def Info: handout.pdf, page1 used on input line 8.
(pdftex.def)             Requested size: 450.49376pt x 158.99779pt.
File: handout.pdf Graphic file (type pdf)
 <use handout.pdf, page 1>
Package pdftex.def Info: handout.pdf, page1 used on input line 8.
(pdftex.def)             Requested size: 450.49376pt x 158.99779pt.
File: handout.pdf Graphic file (type pdf)

<use handout.pdf, page 1>
Package pdftex.def Info: handout.pdf, page1 used on input line 8.
(pdftex.def)             Requested size: 450.49376pt x 158.99779pt.
File: handout.pdf Graphic file (type pdf)
 <use handout.pdf, page 1>
Package pdftex.def Info: handout.pdf, page1 used on input line 8.
(pdftex.def)             Requested size: 450.49376pt x 158.99779pt.
File: handout.pdf Graphic file (type pdf)
 <use handout.pdf, page 1>
Package pdftex.def Info: handout.pdf, page1 used on input line 8.
(pdftex.def)             Requested size: 450.49376pt x 158.99779pt.
File: handout.pdf Graphic file (type pdf)

<use handout.pdf, page 1>
Package pdftex.def Info: handout.pdf, page1 used on input line 8.
(pdftex.def)             Requested size: 450.49376pt x 158.99779pt.
 [1

 <./handout.pdf{/usr/local/texlive/2014/texmf-var/fonts/map/pdftex/updmap/pdfte
x.map}>] (./printable.aux) ) 
Here is how much of TeX's memory you used:
 3179 strings out of 493117
 45970 string characters out of 6135433
 118724 words of memory out of 5000000
 6624 multiletter control sequences out of 15000+600000
 3640 words of font info for 14 fonts, out of 8000000 for 9000
 1141 hyphenation exceptions out of 8191
 40i,18n,46p,231b,411s stack positions out of 5000i,500n,10000p,200000b,80000s
</usr/local/texlive/2014/texmf-dist/fonts/type1/pub
lic/amsfonts/cm/cmbx12.pfb></usr/local/texlive/2014/texmf-dist/fonts/type1/publ
ic/amsfonts/cm/cmr10.pfb></usr/local/texlive/2014/texmf-dist/fonts/type1/public
/amsfonts/cm/cmr12.pfb></usr/local/texlive/2014/texmf-dist/fonts/type1/public/a
msfonts/cm/cmr17.pfb></usr/local/texlive/2014/texmf-dist/fonts/type1/public/ams
fonts/cm/cmti12.pfb>
Output written on printable.pdf (1 page, 56685 bytes).
PDF statistics:
 47 PDF objects out of 1000 (max. 8388607)
 30 compressed objects within 1 object stream
 0 named destinations out of 1000 (max. 500000)
 41 words of extra memory for PDF output out of 10000 (max. 10000000)

